app/build/intermediates/manifest_merge_blame_file/debug/manifest-merger-blame-debug-report.txt
1<?xml version="1.0" encoding="utf-8"?>
2<manifest xmlns:android="http://schemas.android.com/apk/res/android"
3    package="com.custom.xtreamplayer"
4    android:versionCode="1"
5    android:versionName="1.0" >
6
7    <uses-sdk
8        android:minSdkVersion="21"
9        android:targetSdkVersion="34" />
10
11    <uses-permission android:name="android.permission.INTERNET" />
11-->src/main/AndroidManifest.xml:5:5-67
11-->src/main/AndroidManifest.xml:5:22-64
12    <uses-permission android:name="android.permission.ACCESS_NETWORK_STATE" />
12-->src/main/AndroidManifest.xml:6:5-79
12-->src/main/AndroidManifest.xml:6:22-76
13
14    <uses-feature
14-->src/main/AndroidManifest.xml:8:5-10:36
15        android:name="android.hardware.touchscreen"
15-->src/main/AndroidManifest.xml:9:9-52
16        android:required="false" />
16-->src/main/AndroidManifest.xml:10:9-33
17    <uses-feature
17-->src/main/AndroidManifest.xml:12:5-14:36
18        android:name="android.software.leanback"
18-->src/main/AndroidManifest.xml:13:9-49
19        android:required="false" />
19-->src/main/AndroidManifest.xml:14:9-33
20
21    <permission
21-->[androidx.core:core:1.12.0] AndroidManifest.xml:22:5-24:47
22        android:name="com.custom.xtreamplayer.DYNAMIC_RECEIVER_NOT_EXPORTED_PERMISSION"
22-->[androidx.core:core:1.12.0] AndroidManifest.xml:23:9-81
23        android:protectionLevel="signature" />
23-->[androidx.core:core:1.12.0] AndroidManifest.xml:24:9-44
24
25    <uses-permission android:name="com.custom.xtreamplayer.DYNAMIC_RECEIVER_NOT_EXPORTED_PERMISSION" />
25-->[androidx.core:core:1.12.0] AndroidManifest.xml:26:5-97
25-->[androidx.core:core:1.12.0] AndroidManifest.xml:26:22-94
26
27    <application
27-->src/main/AndroidManifest.xml:16:5-131:19
28        android:allowBackup="true"
28-->src/main/AndroidManifest.xml:17:9-35
29        android:appComponentFactory="androidx.core.app.CoreComponentFactory"
29-->[androidx.core:core:1.12.0] AndroidManifest.xml:28:18-86
30        android:dataExtractionRules="@xml/data_extraction_rules"
30-->src/main/AndroidManifest.xml:18:9-65
31        android:debuggable="true"
32        android:extractNativeLibs="true"
33        android:fullBackupContent="@xml/backup_rules"
33-->src/main/AndroidManifest.xml:19:9-54
34        android:icon="@mipmap/ic_launcher"
34-->src/main/AndroidManifest.xml:20:9-43
35        android:label="@string/app_name"
35-->src/main/AndroidManifest.xml:22:9-41
36        android:roundIcon="@mipmap/ic_launcher"
36-->src/main/AndroidManifest.xml:21:9-48
37        android:supportsRtl="true"
37-->src/main/AndroidManifest.xml:23:9-35
38        android:theme="@style/Theme.AppCompat.Light.NoActionBar"
38-->src/main/AndroidManifest.xml:24:9-65
39        android:usesCleartextTraffic="true" >
39-->src/main/AndroidManifest.xml:25:9-44
40
41        <!--
42             =====================================================
43             SPLASH / LAUNCHER
44             =====================================================
45        -->
46
47        <activity
47-->src/main/AndroidManifest.xml:32:9-49:20
48            android:name="com.custom.xtreamplayer.SplashActivity"
48-->src/main/AndroidManifest.xml:33:13-43
49            android:exported="true" >
49-->src/main/AndroidManifest.xml:34:13-36
50            <intent-filter>
50-->src/main/AndroidManifest.xml:36:13-47:29
51                <action android:name="android.intent.action.MAIN" />
51-->src/main/AndroidManifest.xml:38:17-39:65
51-->src/main/AndroidManifest.xml:39:21-62
52
53                <category android:name="android.intent.category.LAUNCHER" />
53-->src/main/AndroidManifest.xml:41:17-42:71
53-->src/main/AndroidManifest.xml:42:21-68
54                <category android:name="android.intent.category.LEANBACK_LAUNCHER" />
54-->src/main/AndroidManifest.xml:44:17-45:80
54-->src/main/AndroidManifest.xml:45:21-77
55            </intent-filter>
56        </activity>
57
58        <!--
59             =====================================================
60             MAIN
61             =====================================================
62        -->
63
64        <activity
64-->src/main/AndroidManifest.xml:55:9-57:39
65            android:name="com.custom.xtreamplayer.MainActivity"
65-->src/main/AndroidManifest.xml:56:13-41
66            android:exported="true" />
66-->src/main/AndroidManifest.xml:57:13-36
67
68        <!--
69             =====================================================
70             DASHBOARD
71             =====================================================
72        -->
73
74        <activity
74-->src/main/AndroidManifest.xml:63:9-65:40
75            android:name="com.custom.xtreamplayer.DashboardActivity"
75-->src/main/AndroidManifest.xml:64:13-46
76            android:exported="false" />
76-->src/main/AndroidManifest.xml:65:13-37
77
78        <!--
79             =====================================================
80             CATEGORIES
81             =====================================================
82        -->
83
84        <activity
84-->src/main/AndroidManifest.xml:71:9-73:40
85            android:name="com.custom.xtreamplayer.CategoriesActivity"
85-->src/main/AndroidManifest.xml:72:13-47
86            android:exported="false" />
86-->src/main/AndroidManifest.xml:73:13-37
87
88        <!--
89             =====================================================
90             PLAYER
91             =====================================================
92        -->
93
94        <activity
94-->src/main/AndroidManifest.xml:79:9-81:40
95            android:name="com.custom.xtreamplayer.PlayerActivity"
95-->src/main/AndroidManifest.xml:80:13-43
96            android:exported="false" />
96-->src/main/AndroidManifest.xml:81:13-37
97
98        <!--
99             =====================================================
100             LIVE TV
101             =====================================================
102        -->
103
104        <activity
104-->src/main/AndroidManifest.xml:87:9-89:40
105            android:name="com.custom.xtreamplayer.LiveTvActivity"
105-->src/main/AndroidManifest.xml:88:13-43
106            android:exported="false" />
106-->src/main/AndroidManifest.xml:89:13-37
107
108        <!--
109             =====================================================
110             MOVIES
111             =====================================================
112        -->
113
114        <activity
114-->src/main/AndroidManifest.xml:95:9-97:40
115            android:name="com.custom.xtreamplayer.VodActivity"
115-->src/main/AndroidManifest.xml:96:13-40
116            android:exported="false" />
116-->src/main/AndroidManifest.xml:97:13-37
117
118        <!--
119             =====================================================
120             SERIES LIST
121             =====================================================
122        -->
123
124        <activity
124-->src/main/AndroidManifest.xml:103:9-105:40
125            android:name="com.custom.xtreamplayer.SeriesListActivity"
125-->src/main/AndroidManifest.xml:104:13-47
126            android:exported="false" />
126-->src/main/AndroidManifest.xml:105:13-37
127
128        <!--
129             =====================================================
130             SERIES / EPISODES
131             =====================================================
132        -->
133
134        <activity
134-->src/main/AndroidManifest.xml:111:9-113:40
135            android:name="com.custom.xtreamplayer.SeriesActivity"
135-->src/main/AndroidManifest.xml:112:13-43
136            android:exported="false" />
136-->src/main/AndroidManifest.xml:113:13-37
137
138        <!--
139             =====================================================
140             FAVORITES
141             =====================================================
142        -->
143
144        <activity
144-->src/main/AndroidManifest.xml:119:9-121:40
145            android:name="com.custom.xtreamplayer.FavoritesActivity"
145-->src/main/AndroidManifest.xml:120:13-46
146            android:exported="false" />
146-->src/main/AndroidManifest.xml:121:13-37
147
148        <!--
149             =====================================================
150             SEARCH
151             =====================================================
152        -->
153
154        <activity
154-->src/main/AndroidManifest.xml:127:9-129:40
155            android:name="com.custom.xtreamplayer.SearchActivity"
155-->src/main/AndroidManifest.xml:128:13-43
156            android:exported="false" />
156-->src/main/AndroidManifest.xml:129:13-37
157
158        <service
158-->[androidx.room:room-runtime:2.6.1] AndroidManifest.xml:24:9-28:63
159            android:name="androidx.room.MultiInstanceInvalidationService"
159-->[androidx.room:room-runtime:2.6.1] AndroidManifest.xml:25:13-74
160            android:directBootAware="true"
160-->[androidx.room:room-runtime:2.6.1] AndroidManifest.xml:26:13-43
161            android:exported="false" />
161-->[androidx.room:room-runtime:2.6.1] AndroidManifest.xml:27:13-37
162
163        <provider
163-->[androidx.emoji2:emoji2:1.2.0] AndroidManifest.xml:24:9-32:20
164            android:name="androidx.startup.InitializationProvider"
164-->[androidx.emoji2:emoji2:1.2.0] AndroidManifest.xml:25:13-67
165            android:authorities="com.custom.xtreamplayer.androidx-startup"
165-->[androidx.emoji2:emoji2:1.2.0] AndroidManifest.xml:26:13-68
166            android:exported="false" >
166-->[androidx.emoji2:emoji2:1.2.0] AndroidManifest.xml:27:13-37
167            <meta-data
167-->[androidx.emoji2:emoji2:1.2.0] AndroidManifest.xml:29:13-31:52
168                android:name="androidx.emoji2.text.EmojiCompatInitializer"
168-->[androidx.emoji2:emoji2:1.2.0] AndroidManifest.xml:30:17-75
169                android:value="androidx.startup" />
169-->[androidx.emoji2:emoji2:1.2.0] AndroidManifest.xml:31:17-49
170            <meta-data
170-->[androidx.lifecycle:lifecycle-process:2.7.0] AndroidManifest.xml:29:13-31:52
171                android:name="androidx.lifecycle.ProcessLifecycleInitializer"
171-->[androidx.lifecycle:lifecycle-process:2.7.0] AndroidManifest.xml:30:17-78
172                android:value="androidx.startup" />
172-->[androidx.lifecycle:lifecycle-process:2.7.0] AndroidManifest.xml:31:17-49
173            <meta-data
173-->[androidx.profileinstaller:profileinstaller:1.3.1] AndroidManifest.xml:29:13-31:52
174                android:name="androidx.profileinstaller.ProfileInstallerInitializer"
174-->[androidx.profileinstaller:profileinstaller:1.3.1] AndroidManifest.xml:30:17-85
175                android:value="androidx.startup" />
175-->[androidx.profileinstaller:profileinstaller:1.3.1] AndroidManifest.xml:31:17-49
176        </provider>
177
178        <receiver
178-->[androidx.profileinstaller:profileinstaller:1.3.1] AndroidManifest.xml:34:9-52:20
179            android:name="androidx.profileinstaller.ProfileInstallReceiver"
179-->[androidx.profileinstaller:profileinstaller:1.3.1] AndroidManifest.xml:35:13-76
180            android:directBootAware="false"
180-->[androidx.profileinstaller:profileinstaller:1.3.1] AndroidManifest.xml:36:13-44
181            android:enabled="true"
181-->[androidx.profileinstaller:profileinstaller:1.3.1] AndroidManifest.xml:37:13-35
182            android:exported="true"
182-->[androidx.profileinstaller:profileinstaller:1.3.1] AndroidManifest.xml:38:13-36
183            android:permission="android.permission.DUMP" >
183-->[androidx.profileinstaller:profileinstaller:1.3.1] AndroidManifest.xml:39:13-57
184            <intent-filter>
184-->[androidx.profileinstaller:profileinstaller:1.3.1] AndroidManifest.xml:40:13-42:29
185                <action android:name="androidx.profileinstaller.action.INSTALL_PROFILE" />
185-->[androidx.profileinstaller:profileinstaller:1.3.1] AndroidManifest.xml:41:17-91
185-->[androidx.profileinstaller:profileinstaller:1.3.1] AndroidManifest.xml:41:25-88
186            </intent-filter>
187            <intent-filter>
187-->[androidx.profileinstaller:profileinstaller:1.3.1] AndroidManifest.xml:43:13-45:29
188                <action android:name="androidx.profileinstaller.action.SKIP_FILE" />
188-->[androidx.profileinstaller:profileinstaller:1.3.1] AndroidManifest.xml:44:17-85
188-->[androidx.profileinstaller:profileinstaller:1.3.1] AndroidManifest.xml:44:25-82
189            </intent-filter>
190            <intent-filter>
190-->[androidx.profileinstaller:profileinstaller:1.3.1] AndroidManifest.xml:46:13-48:29
191                <action android:name="androidx.profileinstaller.action.SAVE_PROFILE" />
191-->[androidx.profileinstaller:profileinstaller:1.3.1] AndroidManifest.xml:47:17-88
191-->[androidx.profileinstaller:profileinstaller:1.3.1] AndroidManifest.xml:47:25-85
192            </intent-filter>
193            <intent-filter>
193-->[androidx.profileinstaller:profileinstaller:1.3.1] AndroidManifest.xml:49:13-51:29
194                <action android:name="androidx.profileinstaller.action.BENCHMARK_OPERATION" />
194-->[androidx.profileinstaller:profileinstaller:1.3.1] AndroidManifest.xml:50:17-95
194-->[androidx.profileinstaller:profileinstaller:1.3.1] AndroidManifest.xml:50:25-92
195            </intent-filter>
196        </receiver>
197    </application>
198
199</manifest>